[2016-10-12 00:29:45.492] [INFO] REST - [undefined] [GET] [undefined]
[2016-10-12 00:29:45.509] [INFO] REST - [undefined] [GET] [undefined]
[2016-10-12 00:32:28.143] [INFO] REST - [undefined] [GET] [undefined]
[2016-10-12 00:32:28.163] [INFO] REST - [undefined] [GET] [undefined]
[2016-10-12 00:33:15.751] [INFO] REST - [undefined] [GET] [undefined]
[2016-10-12 00:33:15.768] [INFO] REST - [undefined] [GET] [undefined]
[2016-10-12 00:33:24.925] [INFO] REST - [undefined] [GET] [undefined]
[2016-10-12 00:33:24.943] [INFO] REST - [undefined] [GET] [undefined]
[2016-10-12 00:34:47.227] [INFO] REST - [undefined] [GET] [undefined]
[2016-10-12 00:34:47.247] [INFO] REST - [undefined] [GET] [undefined]
[2016-10-12 00:36:37.591] [INFO] REST - [undefined] [GET] [undefined]
[2016-10-12 00:36:37.609] [INFO] REST - [undefined] [GET] [undefined]
[2016-10-12 00:36:46.639] [INFO] REST - [undefined] [GET] [undefined]
[2016-10-12 00:36:46.668] [INFO] REST - [undefined] [GET] [undefined]
[2016-10-12 00:36:48.579] [INFO] REST - [undefined] [GET] [undefined]
[2016-10-12 00:37:19.413] [INFO] REST - [undefined] [GET] [undefined]
[2016-10-12 00:39:36.182] [INFO] REST - [undefined] [GET] [undefined]
[2016-10-12 00:39:37.628] [INFO] REST - [undefined] [GET] [undefined]
[2016-10-12 00:45:11.279] [INFO] REST - [GET] [/undefined]
[2016-10-12 00:45:54.708] [INFO] REST - [GET] [/undefined]
[2016-10-12 00:47:22.422] [INFO] REST - GET /m/hjkfdhkljfhds
[2016-10-12 00:48:35.029] [INFO] REST - GET HOMEPAGE
[2016-10-12 00:53:35.069] [INFO] REST - GET HOMEPAGE
[2016-10-12 00:53:46.966] [INFO] REST - GET /m/how are you
